2020-05-01 11:23:02,400 - source_code.utils.reporter.reporter - INFO - Optimize for 50 iters with {'c1': 1.49618, 'c2': 1.49618, 'w': 0.7298, 'k': 5, 'p': 2}
2020-05-01 11:23:02,447 - source_code.utils.reporter.reporter - INFO - Optimization finished | best cost: 0.000595236982224634, best pos: [0.00023166 0.00171659], time call funct: 50
2020-05-01 11:23:02,941 - source_code.utils.reporter.reporter - INFO - Optimize for 50 iters with {'c1': 1.49618, 'c2': 1.49618, 'w': 0.7298, 'k': 5, 'p': 2}
2020-05-01 11:23:02,978 - source_code.utils.reporter.reporter - INFO - Optimization finished | best cost: 5.489824300772809e-06, best pos: [2.99876845 0.50017164], time call funct: 50
2020-05-01 11:23:03,239 - source_code.utils.reporter.reporter - INFO - Optimize for 50 iters with {'c1': 1.49618, 'c2': 1.49618, 'w': 0.7298, 'k': 5, 'p': 2}
2020-05-01 11:23:03,268 - source_code.utils.reporter.reporter - INFO - Optimization finished | best cost: 4.5917959453709017e-07, best pos: [2.99987946 2.00005047], time call funct: 50
2020-05-01 11:23:03,520 - source_code.utils.reporter.reporter - INFO - Optimize for 50 iters with {'c1': 1.49618, 'c2': 1.49618, 'w': 0.7298, 'k': 5, 'p': 2}
2020-05-01 11:23:03,546 - source_code.utils.reporter.reporter - INFO - Optimization finished | best cost: -2.062611870817485, best pos: [1.34941254 1.34940388], time call funct: 50
2020-05-01 11:23:03,802 - source_code.utils.reporter.reporter - INFO - Optimize for 50 iters with {'c1': 1.49618, 'c2': 1.49618, 'w': 0.7298, 'k': 5, 'p': 2}
2020-05-01 11:23:03,821 - source_code.utils.reporter.reporter - INFO - Optimization finished | best cost: 7.35969937046832e-05, best pos: [ 0.0001352  -0.00059388], time call funct: 50
2020-05-01 11:23:04,078 - source_code.utils.reporter.reporter - INFO - Optimize for 50 iters with {'c1': 1.49618, 'c2': 1.49618, 'w': 0.7298, 'k': 5, 'p': 2}
2020-05-01 11:23:04,098 - source_code.utils.reporter.reporter - INFO - Optimization finished | best cost: 4.789993306600009e-08, best pos: [3.00052449 0.50014302], time call funct: 50
2020-05-01 11:23:04,347 - source_code.utils.reporter.reporter - INFO - Optimize for 50 iters with {'c1': 1.49618, 'c2': 1.49618, 'w': 0.7298, 'k': 5, 'p': 2}
2020-05-01 11:23:04,371 - source_code.utils.reporter.reporter - INFO - Optimization finished | best cost: 8.811078488235312e-07, best pos: [2.99990303 2.00024308], time call funct: 50
2020-05-01 11:23:04,619 - source_code.utils.reporter.reporter - INFO - Optimize for 50 iters with {'c1': 1.49618, 'c2': 1.49618, 'w': 0.7298, 'k': 5, 'p': 2}
2020-05-01 11:23:04,661 - source_code.utils.reporter.reporter - INFO - Optimization finished | best cost: -2.0626118694061732, best pos: [1.34936739 1.3495066 ], time call funct: 50
2020-05-01 11:23:04,921 - source_code.utils.reporter.reporter - INFO - Optimize for 50 iters with {'c1': 1.49618, 'c2': 1.49618, 'w': 0.7298, 'k': 5, 'p': 2}
2020-05-01 11:26:03,975 - source_code.utils.reporter.reporter - INFO - Optimize for 50 iters with {'c1': 1.49618, 'c2': 1.49618, 'w': 0.7298, 'k': 5, 'p': 2}
2020-05-01 11:26:04,076 - source_code.utils.reporter.reporter - INFO - Optimization finished | best cost: 0.000595236982224634, best pos: [0.00023166 0.00171659], time call funct: 50
2020-05-01 11:26:04,997 - source_code.utils.reporter.reporter - INFO - Optimize for 50 iters with {'c1': 1.49618, 'c2': 1.49618, 'w': 0.7298, 'k': 5, 'p': 2}
2020-05-01 11:26:05,062 - source_code.utils.reporter.reporter - INFO - Optimization finished | best cost: 5.489824300772809e-06, best pos: [2.99876845 0.50017164], time call funct: 50
2020-05-01 11:26:05,630 - source_code.utils.reporter.reporter - INFO - Optimize for 50 iters with {'c1': 1.49618, 'c2': 1.49618, 'w': 0.7298, 'k': 5, 'p': 2}
2020-05-01 11:26:05,714 - source_code.utils.reporter.reporter - INFO - Optimization finished | best cost: 4.5917959453709017e-07, best pos: [2.99987946 2.00005047], time call funct: 50
2020-05-01 11:26:06,346 - source_code.utils.reporter.reporter - INFO - Optimize for 50 iters with {'c1': 1.49618, 'c2': 1.49618, 'w': 0.7298, 'k': 5, 'p': 2}
2020-05-01 11:26:06,405 - source_code.utils.reporter.reporter - INFO - Optimization finished | best cost: -2.062611870817485, best pos: [1.34941254 1.34940388], time call funct: 50
2020-05-01 11:26:06,895 - source_code.utils.reporter.reporter - INFO - Optimize for 50 iters with {'c1': 1.49618, 'c2': 1.49618, 'w': 0.7298, 'k': 5, 'p': 2}
2020-05-01 11:26:06,949 - source_code.utils.reporter.reporter - INFO - Optimization finished | best cost: 7.35969937046832e-05, best pos: [ 0.0001352  -0.00059388], time call funct: 50
2020-05-01 11:26:07,554 - source_code.utils.reporter.reporter - INFO - Optimize for 50 iters with {'c1': 1.49618, 'c2': 1.49618, 'w': 0.7298, 'k': 5, 'p': 2}
2020-05-01 11:26:07,613 - source_code.utils.reporter.reporter - INFO - Optimization finished | best cost: 4.789993306600009e-08, best pos: [3.00052449 0.50014302], time call funct: 50
2020-05-01 11:26:08,160 - source_code.utils.reporter.reporter - INFO - Optimize for 50 iters with {'c1': 1.49618, 'c2': 1.49618, 'w': 0.7298, 'k': 5, 'p': 2}
2020-05-01 11:26:08,215 - source_code.utils.reporter.reporter - INFO - Optimization finished | best cost: 8.811078488235312e-07, best pos: [2.99990303 2.00024308], time call funct: 50
2020-05-01 11:26:08,713 - source_code.utils.reporter.reporter - INFO - Optimize for 50 iters with {'c1': 1.49618, 'c2': 1.49618, 'w': 0.7298, 'k': 5, 'p': 2}
2020-05-01 11:26:08,752 - source_code.utils.reporter.reporter - INFO - Optimization finished | best cost: -2.0626118694061732, best pos: [1.34936739 1.3495066 ], time call funct: 50
2020-05-01 11:26:09,260 - source_code.utils.reporter.reporter - INFO - Optimize for 50 iters with {'c1': 1.49618, 'c2': 1.49618, 'w': 0.7298, 'k': 5, 'p': 2}
2020-05-01 11:26:13,948 - source_code.utils.reporter.reporter - INFO - Optimization finished | best cost: 0.9949590570932969, best pos: [ 6.11923753e-10  1.66132224e-09  6.21384134e-10  2.29961453e-09
 -2.38331742e-10  9.94958635e-01 -2.86310322e-09  2.44499250e-09
  5.98346194e-09  3.35073358e-09], time call funct: 2000
2020-05-01 11:26:14,576 - source_code.utils.reporter.reporter - INFO - Optimize for 50 iters with {'c1': 1.49618, 'c2': 1.49618, 'w': 0.7298, 'k': 5, 'p': 2}
2020-05-01 11:26:19,027 - source_code.utils.reporter.reporter - INFO - Optimization finished | best cost: 2.9848771712798623, best pos: [ 3.49590974e-09  3.11127098e-10  9.94958638e-01  9.94958635e-01
  6.71180815e-10  9.94958639e-01  4.40302428e-10  3.19013159e-09
  3.98316861e-09 -2.90333178e-09], time call funct: 2000
2020-05-01 11:26:19,498 - source_code.utils.reporter.reporter - INFO - Optimize for 50 iters with {'c1': 1.49618, 'c2': 1.49618, 'w': 0.7298, 'k': 5, 'p': 2}
2020-05-01 11:26:24,857 - source_code.utils.reporter.reporter - INFO - Optimization finished | best cost: 3.180732363689472, best pos: [-1.72257987e-04 -1.16631255e-02  9.95128413e-01  9.96943206e-01
 -1.62756420e-05 -7.73502540e-05  9.32232834e-03  1.02254822e+00
 -2.58205958e-04  2.49002339e-06], time call funct: 2000
2020-05-01 11:26:25,544 - source_code.utils.reporter.reporter - INFO - Optimize for 50 iters with {'c1': 1.49618, 'c2': 1.49618, 'w': 0.7298, 'k': 5, 'p': 2}
2020-05-01 11:26:30,269 - source_code.utils.reporter.reporter - INFO - Optimization finished | best cost: 1.9899181141865938, best pos: [-4.79340632e-09  9.94958636e-01 -4.63709779e-09  9.94958644e-01
 -9.58615787e-11  1.35235218e-10  1.30058536e-09  4.48323338e-09
 -1.21479851e-09 -2.94323756e-09], time call funct: 2000
2020-05-01 11:26:30,880 - source_code.utils.reporter.reporter - INFO - Optimize for 50 iters with {'c1': 1.49618, 'c2': 1.49618, 'w': 0.7298, 'k': 5, 'p': 2}
2020-05-01 11:26:33,609 - source_code.utils.reporter.reporter - INFO - Optimization finished | best cost: 7.959672456746347, best pos: [ 9.94958641e-01  9.94958643e-01  2.78946520e-09  9.94958638e-01
  9.94958634e-01  9.94958634e-01  9.94958633e-01  9.94958637e-01
 -5.28309015e-09  9.94958645e-01], time call funct: 2000
2020-05-01 11:26:34,184 - source_code.utils.reporter.reporter - INFO - Optimize for 50 iters with {'c1': 1.49618, 'c2': 1.49618, 'w': 0.7298, 'k': 5, 'p': 2}
2020-05-01 11:26:37,135 - source_code.utils.reporter.reporter - INFO - Optimization finished | best cost: 1.9899181141865796, best pos: [ 9.94958639e-01 -7.21808195e-10  9.94958638e-01  3.54114624e-09
  7.35751401e-10 -3.46653452e-09  1.51924658e-09 -3.35428369e-09
 -2.56104278e-09 -2.35050336e-09], time call funct: 2000
2020-05-01 11:26:37,789 - source_code.utils.reporter.reporter - INFO - Optimize for 50 iters with {'c1': 1.49618, 'c2': 1.49618, 'w': 0.7298, 'k': 5, 'p': 2}
2020-05-01 11:26:40,860 - source_code.utils.reporter.reporter - INFO - Optimization finished | best cost: 0.0, best pos: [ 2.22804114e-09 -9.71572197e-10 -8.87226185e-11  3.20653199e-09
  4.99130199e-09 -3.12808591e-10 -1.41902938e-09 -4.40254706e-09
 -1.85296996e-10 -3.98033591e-11], time call funct: 2000
2020-05-01 11:26:41,492 - source_code.utils.reporter.reporter - INFO - Optimize for 50 iters with {'c1': 1.49618, 'c2': 1.49618, 'w': 0.7298, 'k': 5, 'p': 2}
2020-05-01 11:26:45,067 - source_code.utils.reporter.reporter - INFO - Optimization finished | best cost: 0.0, best pos: [-6.17226068e-10 -1.69838401e-09  4.15249895e-09  7.73428641e-10
  3.10441790e-09 -5.58021290e-09 -1.67465404e-09  1.72683232e-09
 -1.42702015e-10 -3.58593644e-09], time call funct: 2000
2020-05-01 11:26:45,989 - source_code.utils.reporter.reporter - INFO - Optimize for 50 iters with {'c1': 1.49618, 'c2': 1.49618, 'w': 0.7298, 'k': 5, 'p': 2}
2020-05-01 11:26:53,659 - source_code.utils.reporter.reporter - INFO - Optimization finished | best cost: 1.9899181141865796, best pos: [-4.28804494e-10  5.62122333e-10 -2.49234867e-10  2.74681954e-09
  3.93926893e-10  2.49747656e-09  9.94958635e-01  9.94958638e-01
  1.62673800e-09  5.46111018e-09], time call funct: 2000
2020-05-01 11:26:54,247 - source_code.utils.reporter.reporter - INFO - Optimize for 50 iters with {'c1': 1.49618, 'c2': 1.49618, 'w': 0.7298, 'k': 5, 'p': 2}
2020-05-01 11:27:01,432 - source_code.utils.reporter.reporter - INFO - Optimization finished | best cost: 1.9899181141865796, best pos: [ 1.34447642e-09  9.94958637e-01  2.07093821e-09 -3.32017687e-11
  9.94958636e-01 -7.19448476e-11 -3.48267519e-09 -6.20723738e-10
  3.76555057e-09 -5.80659470e-10], time call funct: 2000
2020-05-01 11:27:02,202 - source_code.utils.reporter.reporter - INFO - Optimize for 50 iters with {'c1': 1.49618, 'c2': 1.49618, 'w': 0.7298, 'k': 5, 'p': 2}
2020-05-01 11:27:09,402 - source_code.utils.reporter.reporter - INFO - Optimization finished | best cost: 0.006107485604658791, best pos: [ 1.40528895e-03  4.11460325e-04 -1.26833654e-04 -3.27209250e-04
  2.14609034e-04 -3.35208331e-03  1.82361389e-03 -3.56874697e-03
  6.38045627e-05 -1.08190602e-03], time call funct: 2000
2020-05-01 11:27:10,073 - source_code.utils.reporter.reporter - INFO - Optimize for 50 iters with {'c1': 1.49618, 'c2': 1.49618, 'w': 0.7298, 'k': 5, 'p': 2}
2020-05-01 11:27:17,861 - source_code.utils.reporter.reporter - INFO - Optimization finished | best cost: 1.1231488541357777, best pos: [ 2.15188805e-02  4.08351957e-03  1.21279447e-03  9.90276246e-01
  4.31706461e-03  9.46658089e-03 -4.81133701e-03  3.12934760e-03
  4.10706493e-04 -1.54860819e-03], time call funct: 2000
2020-05-01 11:27:18,468 - source_code.utils.reporter.reporter - INFO - Optimize for 50 iters with {'c1': 1.49618, 'c2': 1.49618, 'w': 0.7298, 'k': 5, 'p': 2}
2020-05-01 11:27:22,261 - source_code.utils.reporter.reporter - INFO - Optimization finished | best cost: 0.9949590570932969, best pos: [ 2.36261939e-10  3.03015855e-09 -1.33799921e-09  3.76610494e-09
  4.53479650e-09  9.94958637e-01 -4.33042362e-09  3.92333698e-09
  3.29267923e-09 -5.66938899e-09], time call funct: 2000
2020-05-01 11:27:22,919 - source_code.utils.reporter.reporter - INFO - Optimize for 50 iters with {'c1': 1.49618, 'c2': 1.49618, 'w': 0.7298, 'k': 5, 'p': 2}
2020-05-01 11:27:25,880 - source_code.utils.reporter.reporter - INFO - Optimization finished | best cost: 0.9949590570932969, best pos: [ 7.61188900e-10 -2.51996795e-09  1.10139413e-09  1.82187967e-09
  1.74360524e-09 -2.66390256e-09  4.07743063e-09  9.94958639e-01
  4.54362391e-10  3.39253878e-09], time call funct: 2000
2020-05-01 11:27:26,472 - source_code.utils.reporter.reporter - INFO - Optimize for 50 iters with {'c1': 1.49618, 'c2': 1.49618, 'w': 0.7298, 'k': 5, 'p': 2}
2020-05-01 11:27:29,383 - source_code.utils.reporter.reporter - INFO - Optimization finished | best cost: 1.9899181141865938, best pos: [-2.39694365e-09 -2.09461478e-09  1.87389588e-09  8.15430441e-09
 -8.04504998e-10 -5.17166048e-10 -9.94958640e-01 -1.31563667e-09
  9.94958630e-01  4.34111007e-09], time call funct: 2000
2020-05-01 11:27:30,053 - source_code.utils.reporter.reporter - INFO - Optimize for 50 iters with {'c1': 1.49618, 'c2': 1.49618, 'w': 0.7298, 'k': 5, 'p': 2}
2020-05-01 11:27:33,637 - source_code.utils.reporter.reporter - INFO - Optimization finished | best cost: 2.9848771712798623, best pos: [-1.16419156e-09  9.94958639e-01  1.41299481e-09  9.94958641e-01
 -3.12216114e-09  1.07532686e-09  9.23028580e-10  9.94958638e-01
 -5.81859697e-09  4.37591408e-11], time call funct: 2000
2020-05-01 11:27:34,389 - source_code.utils.reporter.reporter - INFO - Optimize for 50 iters with {'c1': 1.49618, 'c2': 1.49618, 'w': 0.7298, 'k': 5, 'p': 2}
2020-05-01 11:27:51,974 - source_code.utils.reporter.reporter - INFO - Optimization finished | best cost: 0.0, best pos: [ 3.27245475e-10 -3.25467555e-09  1.15814897e-10  4.19197893e-09
 -1.24579084e-09 -1.41575901e-09 -7.10757138e-10 -8.78309438e-10
 -4.58135659e-09  6.42882441e-09], time call funct: 2000
2020-05-01 11:27:52,752 - source_code.utils.reporter.reporter - INFO - Optimize for 50 iters with {'c1': 1.49618, 'c2': 1.49618, 'w': 0.7298, 'k': 5, 'p': 2}
2020-05-01 11:28:09,898 - source_code.utils.reporter.reporter - INFO - Optimization finished | best cost: 1.9899182045327564, best pos: [-8.80722781e-07 -1.20430469e-06 -1.77023500e-06 -1.61715155e-05
  9.94972331e-01  9.94958466e-01 -3.42447201e-07  5.15889000e-07
  8.19928420e-07 -1.04115064e-07], time call funct: 2000
2020-05-01 11:28:10,789 - source_code.utils.reporter.reporter - INFO - Optimize for 50 iters with {'c1': 1.49618, 'c2': 1.49618, 'w': 0.7298, 'k': 5, 'p': 2}
